;;; 
Import: Release 11.2.0.2.0 - Production on Tue Aug 6 10:37:45 2024

Copyright (c) 1982, 2009, Oracle and/or its affiliates.  All rights reserved.
;;; 
Connected to: Oracle Database 11g Express Edition Release 11.2.0.2.0 - 64bit Production
Master table "SHRI"."SYS_IMPORT_SCHEMA_01" successfully loaded/unloaded
Starting "SHRI"."SYS_IMPORT_SCHEMA_01":  SHRI/********@XE DIRECTORY=import_dir DUMPFILE=db.dmp LOGFILE=import_logfile.log SCHEMAS=SHRI TABLE_EXISTS_ACTION=REPLACE 
Processing object type SCHEMA_EXPORT/USER
ORA-31684: Object type USER:"SHRI" already exists
Processing object type SCHEMA_EXPORT/SYSTEM_GRANT
Processing object type SCHEMA_EXPORT/ROLE_GRANT
Processing object type SCHEMA_EXPORT/DEFAULT_ROLE
Processing object type SCHEMA_EXPORT/TABLESPACE_QUOTA
Processing object type SCHEMA_EXPORT/PRE_SCHEMA/PROCACT_SCHEMA
Processing object type SCHEMA_EXPORT/SEQUENCE/SEQUENCE
ORA-31684: Object type SEQUENCE:"SHRI"."DEMO_CUST_SEQ" already exists
ORA-31684: Object type SEQUENCE:"SHRI"."DEMO_ORDER_ITEMS_SEQ" already exists
ORA-31684: Object type SEQUENCE:"SHRI"."DEMO_ORD_SEQ" already exists
ORA-31684: Object type SEQUENCE:"SHRI"."DEMO_PROD_SEQ" already exists
ORA-31684: Object type SEQUENCE:"SHRI"."DEMO_USERS_SEQ" already exists
Processing object type SCHEMA_EXPORT/TABLE/TABLE
Processing object type SCHEMA_EXPORT/TABLE/TABLE_DATA
. . imported "SHRI"."DEMO_PRODUCT_INFO"                  24.87 KB      10 rows
. . imported "SHRI"."COURSE"                             7.234 KB       9 rows
. . imported "SHRI"."COURSE_OFFERINGS"                   6.890 KB       9 rows
. . imported "SHRI"."DEMO_CUSTOMERS"                     10.11 KB       7 rows
. . imported "SHRI"."DEMO_ORDERS"                        6.906 KB      10 rows
. . imported "SHRI"."DEMO_ORDER_ITEMS"                   7.679 KB      49 rows
. . imported "SHRI"."DEMO_STATES"                        6.242 KB      51 rows
. . imported "SHRI"."DEMO_USERS"                         7.929 KB       2 rows
. . imported "SHRI"."DEPT"                               5.929 KB       4 rows
. . imported "SHRI"."EMP"                                8.562 KB      14 rows
. . imported "SHRI"."ENROLL"                             6.687 KB      50 rows
. . imported "SHRI"."INSTRUCTOR"                         6.406 KB       5 rows
. . imported "SHRI"."STUDENT"                            6.031 KB      13 rows
. . imported "SHRI"."TEACHED_BY"                         6.070 KB       9 rows
. . imported "SHRI"."APEX$_ACL"                              0 KB       0 rows
. . imported "SHRI"."APEX$_WS_FILES"                         0 KB       0 rows
. . imported "SHRI"."APEX$_WS_HISTORY"                       0 KB       0 rows
. . imported "SHRI"."APEX$_WS_LINKS"                         0 KB       0 rows
. . imported "SHRI"."APEX$_WS_NOTES"                         0 KB       0 rows
. . imported "SHRI"."APEX$_WS_ROWS"                          0 KB       0 rows
. . imported "SHRI"."APEX$_WS_TAGS"                          0 KB       0 rows
. . imported "SHRI"."APEX$_WS_WEBPG_SECTIONS"                0 KB       0 rows
. . imported "SHRI"."APEX$_WS_WEBPG_SECTION_HISTORY"         0 KB       0 rows
. . imported "SHRI"."HTMLDB_PLAN_TABLE"                      0 KB       0 rows
Processing object type SCHEMA_EXPORT/TABLE/INDEX/INDEX
Processing object type SCHEMA_EXPORT/TABLE/CONSTRAINT/CONSTRAINT
Processing object type SCHEMA_EXPORT/TABLE/INDEX/STATISTICS/INDEX_STATISTICS
Processing object type SCHEMA_EXPORT/FUNCTION/FUNCTION
ORA-31684: Object type FUNCTION:"SHRI"."CUSTOM_AUTH" already exists
ORA-31684: Object type FUNCTION:"SHRI"."CUSTOM_HASH" already exists
Processing object type SCHEMA_EXPORT/FUNCTION/ALTER_FUNCTION
Processing object type SCHEMA_EXPORT/TABLE/CONSTRAINT/REF_CONSTRAINT
Processing object type SCHEMA_EXPORT/TABLE/TRIGGER
Processing object type SCHEMA_EXPORT/TABLE/STATISTICS/TABLE_STATISTICS
Job "SHRI"."SYS_IMPORT_SCHEMA_01" completed with 8 error(s) at 10:37:53
