;;; 
Export: Release 11.2.0.2.0 - Production on Tue Aug 6 13:58:33 2024

Copyright (c) 1982, 2009, Oracle and/or its affiliates.  All rights reserved.
;;; 
Connected to: Oracle Database 11g Express Edition Release 11.2.0.2.0 - 64bit Production
Starting "SHRI"."SYS_EXPORT_SCHEMA_01":  SHRI/******** schemas=SHRI directory=DATA_PUMP_DIR dumpfile=your_schema.dmp logfile=your_schema.log 
Estimate in progress using BLOCKS method...
Processing object type SCHEMA_EXPORT/TABLE/TABLE_DATA
Total estimation using BLOCKS method: 960 KB
Processing object type SCHEMA_EXPORT/USER
Processing object type SCHEMA_EXPORT/SYSTEM_GRANT
Processing object type SCHEMA_EXPORT/ROLE_GRANT
Processing object type SCHEMA_EXPORT/DEFAULT_ROLE
Processing object type SCHEMA_EXPORT/TABLESPACE_QUOTA
Processing object type SCHEMA_EXPORT/PRE_SCHEMA/PROCACT_SCHEMA
Processing object type SCHEMA_EXPORT/SEQUENCE/SEQUENCE
Processing object type SCHEMA_EXPORT/TABLE/TABLE
Processing object type SCHEMA_EXPORT/TABLE/INDEX/INDEX
Processing object type SCHEMA_EXPORT/TABLE/CONSTRAINT/CONSTRAINT
Processing object type SCHEMA_EXPORT/TABLE/INDEX/STATISTICS/INDEX_STATISTICS
Processing object type SCHEMA_EXPORT/TABLE/COMMENT
Processing object type SCHEMA_EXPORT/FUNCTION/FUNCTION
Processing object type SCHEMA_EXPORT/FUNCTION/ALTER_FUNCTION
Processing object type SCHEMA_EXPORT/TABLE/CONSTRAINT/REF_CONSTRAINT
Processing object type SCHEMA_EXPORT/TABLE/TRIGGER
Processing object type SCHEMA_EXPORT/TABLE/STATISTICS/TABLE_STATISTICS
. . exported "SHRI"."DEMO_PRODUCT_INFO"                  24.87 KB      10 rows
. . exported "SHRI"."COURSE"                             7.234 KB       9 rows
. . exported "SHRI"."COURSE_OFFERINGS"                   6.890 KB       9 rows
. . exported "SHRI"."DEMO_CUSTOMERS"                     10.11 KB       7 rows
. . exported "SHRI"."DEMO_ORDERS"                        6.906 KB      10 rows
. . exported "SHRI"."DEMO_ORDER_ITEMS"                   7.679 KB      49 rows
. . exported "SHRI"."DEMO_STATES"                        6.242 KB      51 rows
. . exported "SHRI"."DEMO_USERS"                         7.929 KB       2 rows
. . exported "SHRI"."DEPT"                               5.929 KB       4 rows
. . exported "SHRI"."EMP"                                8.562 KB      14 rows
. . exported "SHRI"."ENROLL"                             6.687 KB      50 rows
. . exported "SHRI"."INSTRUCTOR"                         6.406 KB       5 rows
. . exported "SHRI"."STUDENT"                            6.031 KB      13 rows
. . exported "SHRI"."TEACHED_BY"                         6.070 KB       9 rows
. . exported "SHRI"."APEX$_ACL"                              0 KB       0 rows
. . exported "SHRI"."APEX$_WS_FILES"                         0 KB       0 rows
. . exported "SHRI"."APEX$_WS_HISTORY"                       0 KB       0 rows
. . exported "SHRI"."APEX$_WS_LINKS"                         0 KB       0 rows
. . exported "SHRI"."APEX$_WS_NOTES"                         0 KB       0 rows
. . exported "SHRI"."APEX$_WS_ROWS"                          0 KB       0 rows
. . exported "SHRI"."APEX$_WS_TAGS"                          0 KB       0 rows
. . exported "SHRI"."APEX$_WS_WEBPG_SECTIONS"                0 KB       0 rows
. . exported "SHRI"."APEX$_WS_WEBPG_SECTION_HISTORY"         0 KB       0 rows
. . exported "SHRI"."HTMLDB_PLAN_TABLE"                      0 KB       0 rows
Master table "SHRI"."SYS_EXPORT_SCHEMA_01" successfully loaded/unloaded
******************************************************************************
Dump file set for SHRI.SYS_EXPORT_SCHEMA_01 is:
  C:\ORACLEXE\APP\ORACLE\ADMIN\XE\DPDUMP\YOUR_SCHEMA.DMP
Job "SHRI"."SYS_EXPORT_SCHEMA_01" successfully completed at 13:59:05
